2025-10-21 13:02:32, MOVE, v:1, k:poo@chinela, mode:DOWN
2025-10-21 13:24:26, MOVE, v:1, k:poo@chinela, mode:PICK
2025-10-21 13:24:28, EXEC, v:1, k:poo@chinela, mode:LOCK, rate:0, size:28
2025-10-21 13:24:31, EXEC, v:1, k:poo@chinela, mode:FREE
2025-10-21 13:26:26, EXEC, v:1, k:poo@chinela, mode:LOCK, rate:0, size:30
2025-10-21 13:29:14, MOVE, v:1, k:poo@chinela, mode:BACK
2025-10-21 13:30:08, MOVE, v:1, k:poo@camisa, mode:DOWN
2025-10-21 20:33:01, MOVE, v:1, k:poo@camisa, mode:PICK
2025-10-21 20:33:06, MOVE, v:1, k:poo@camisa, mode:BACK
2025-10-21 20:33:10, MOVE, v:1, k:poo@camisa, mode:PICK
2025-10-21 20:33:49, MOVE, v:1, k:poo@camisa, mode:BACK
2025-10-21 20:38:40, MOVE, v:1, k:poo@camisa, mode:PICK
2025-10-21 20:38:41, EXEC, v:1, k:poo@camisa, mode:LOCK, rate:0, size:22
2025-10-21 20:38:42, EXEC, v:1, k:poo@camisa, mode:FREE
2025-10-21 20:51:14, EXEC, v:1, k:poo@camisa, mode:FREE, size:25
2025-10-21 20:54:40, EXEC, v:1, k:poo@camisa, mode:FREE, size:24
2025-10-21 21:30:49, MOVE, v:1, k:poo@camisa, mode:PICK
2025-10-21 21:30:49, EXEC, v:1, k:poo@camisa, mode:FREE, size:26
2025-10-21 21:33:14, MOVE, v:1, k:poo@camisa, mode:PICK
2025-10-21 21:33:15, EXEC, v:1, k:poo@camisa, mode:FREE, size:24
2025-10-21 21:35:19, MOVE, v:1, k:poo@camisa, mode:BACK
2025-10-21 21:35:22, MOVE, v:1, k:poo@roupa, mode:DOWN
